Cannot add grade! 
Cannot calculate average! 
Cannot calculate average! 
Cannot print! 
Cannot print! 
Cannot calculate average! 
Cannot calculate average! 
Cannot add grade! 
Cannot add grade! 
Cannot calculate average! 
Cannot print! 
Cannot calculate average! 
Cannot print! 
Cannot calculate average! 
Cannot print! 
Cannot add grade! 
Cannot add student! 
Cannot calculate average! 
johon 1003: 
goimo 1002: 
ldflkkb 1008: 
The average of aimkh (id: 1009) is 0.00 
Cannot calculate average! 
Cannot calculate average! 
Cannot add grade! 
Cannot print! 
johon 1003: 
goimo 1002: 
ldflkkb 1008: 
aimkh 1009: 
Cannot print! 
aimkh 1009: 
Cannot print! 
johon 1003: 
goimo 1002: 
ldflkkb 1008: 
aimkh 1009: 
mppcjojj 1000: 
Cannot add student! 
johon 1003: 
Cannot print! 
Cannot print! 
Cannot add student! 
johon 1003: 
goimo 1002: ckfojgglbdffmhehfljhmelcaeakfpaocnekfh 76
ldflkkb 1008: 
aimkh 1009: 
mppcjojj 1000: 
iihga 1010: 
beepkkc 1007: 
Cannot calculate average! 
ldflkkb 1008: 
Cannot add student! 
Cannot calculate average! 
Cannot print! 
Cannot add student! 
ldflkkb 1008: 
Cannot add student! 
iihga 1010: 
johon 1003: 
johon 1003: 
goimo 1002: ckfojgglbdffmhehfljhmelcaeakfpaocnekfh 76
ldflkkb 1008: 
aimkh 1009: 
mppcjojj 1000: 
iihga 1010: 
beepkkc 1007: 
Cannot print! 
The average of mppcjojj (id: 1000) is 0.00 
The average of beepkkc (id: 1007) is 0.00 
johon 1003: 
goimo 1002: ckfojgglbdffmhehfljhmelcaeakfpaocnekfh 76
ldflkkb 1008: 
aimkh 1009: 
mppcjojj 1000: 
iihga 1010: 
beepkkc 1007: 
ipekbjlfb 1005: 
johon 1003: 
goimo 1002: ckfojgglbdffmhehfljhmelcaeakfpaocnekfh 76
ldflkkb 1008: 
aimkh 1009: 
mppcjojj 1000: 
iihga 1010: 
beepkkc 1007: 
ipekbjlfb 1005: 
The average of goimo (id: 1002) is 76.00 
johon 1003: 
goimo 1002: ckfojgglbdffmhehfljhmelcaeakfpaocnekfh 76
ldflkkb 1008: 
aimkh 1009: 
mppcjojj 1000: 
iihga 1010: 
beepkkc 1007: 
ipekbjlfb 1005: 
Cannot add grade! 
The average of iihga (id: 1010) is 0.00 
Cannot print! 
ipekbjlfb 1005: 
Cannot print! 
beepkkc 1007: 
Cannot calculate average! 
johon 1003: 
goimo 1002: ckfojgglbdffmhehfljhmelcaeakfpaocnekfh 76, ckfojgglbdffmhehfljhmelcaeakfpaocnekfh 76
ldflkkb 1008: 
aimkh 1009: 
mppcjojj 1000: 
iihga 1010: 
beepkkc 1007: 
ipekbjlfb 1005: kihnknaoppij 37
johon 1003: 
goimo 1002: ckfojgglbdffmhehfljhmelcaeakfpaocnekfh 76, ckfojgglbdffmhehfljhmelcaeakfpaocnekfh 76
ldflkkb 1008: 
aimkh 1009: 
mppcjojj 1000: 
iihga 1010: 
beepkkc 1007: 
ipekbjlfb 1005: kihnknaoppij 37
johon 1003: 
goimo 1002: ckfojgglbdffmhehfljhmelcaeakfpaocnekfh 76, ckfojgglbdffmhehfljhmelcaeakfpaocnekfh 76
ldflkkb 1008: 
aimkh 1009: 
mppcjojj 1000: 
iihga 1010: 
beepkkc 1007: 
ipekbjlfb 1005: kihnknaoppij 37
Cannot add grade! 
johon 1003: 
goimo 1002: ckfojgglbdffmhehfljhmelcaeakfpaocnekfh 76, ckfojgglbdffmhehfljhmelcaeakfpaocnekfh 76
ldflkkb 1008: 
aimkh 1009: 
mppcjojj 1000: 
iihga 1010: 
beepkkc 1007: 
ipekbjlfb 1005: kihnknaoppij 37
The average of johon (id: 1003) is 0.00 
johon 1003: 
goimo 1002: ckfojgglbdffmhehfljhmelcaeakfpaocnekfh 76, ckfojgglbdffmhehfljhmelcaeakfpaocnekfh 76
ldflkkb 1008: 
aimkh 1009: 
mppcjojj 1000: 
iihga 1010: 
beepkkc 1007: 
ipekbjlfb 1005: kihnknaoppij 37
The average of aimkh (id: 1009) is 0.00 
ldflkkb 1008: 
Cannot add student! 
Cannot calculate average! 
aimkh 1009: nkipenmkhkbbkejobcnfakeh 8
johon 1003: 
goimo 1002: ckfojgglbdffmhehfljhmelcaeakfpaocnekfh 76, ckfojgglbdffmhehfljhmelcaeakfpaocnekfh 76
ldflkkb 1008: ooplpfcolmleefaihec 95
aimkh 1009: nkipenmkhkbbkejobcnfakeh 8
mppcjojj 1000: 
iihga 1010: 
beepkkc 1007: 
ipekbjlfb 1005: kihnknaoppij 37
Cannot add student! 
The average of johon (id: 1003) is 0.00 
johon 1003: 
goimo 1002: ckfojgglbdffmhehfljhmelcaeakfpaocnekfh 76, ckfojgglbdffmhehfljhmelcaeakfpaocnekfh 76
ldflkkb 1008: ooplpfcolmleefaihec 95
aimkh 1009: nkipenmkhkbbkejobcnfakeh 8
mppcjojj 1000: 
iihga 1010: mgclflffbhnndkbbnookelbjdalacfphkl 73
beepkkc 1007: 
ipekbjlfb 1005: kihnknaoppij 37
The average of mppcjojj (id: 1000) is 0.00 
The average of ipekbjlfb (id: 1005) is 37.00 
The average of ldflkkb (id: 1008) is 95.00 
Cannot add student! 
ldflkkb 1008: ooplpfcolmleefaihec 95
johon 1003: 
goimo 1002: ckfojgglbdffmhehfljhmelcaeakfpaocnekfh 76, ckfojgglbdffmhehfljhmelcaeakfpaocnekfh 76
ldflkkb 1008: ooplpfcolmleefaihec 95
aimkh 1009: nkipenmkhkbbkejobcnfakeh 8
mppcjojj 1000: 
iihga 1010: mgclflffbhnndkbbnookelbjdalacfphkl 73
beepkkc 1007: 
ipekbjlfb 1005: kihnknaoppij 37
johon 1003: 
goimo 1002: ckfojgglbdffmhehfljhmelcaeakfpaocnekfh 76, ckfojgglbdffmhehfljhmelcaeakfpaocnekfh 76
ldflkkb 1008: ooplpfcolmleefaihec 95
aimkh 1009: nkipenmkhkbbkejobcnfakeh 8
mppcjojj 1000: 
iihga 1010: mgclflffbhnndkbbnookelbjdalacfphkl 73
beepkkc 1007: 
ipekbjlfb 1005: kihnknaoppij 37
ihampmg 1006: 
johon 1003: 
ipekbjlfb 1005: kihnknaoppij 37
johon 1003: 
goimo 1002: ckfojgglbdffmhehfljhmelcaeakfpaocnekfh 76, ckfojgglbdffmhehfljhmelcaeakfpaocnekfh 76
ldflkkb 1008: ooplpfcolmleefaihec 95
aimkh 1009: nkipenmkhkbbkejobcnfakeh 8
mppcjojj 1000: 
iihga 1010: mgclflffbhnndkbbnookelbjdalacfphkl 73
beepkkc 1007: 
ipekbjlfb 1005: kihnknaoppij 37
ihampmg 1006: 
Cannot add student! 
The average of ihampmg (id: 1006) is 0.00 
Cannot add grade! 
Cannot add student! 
johon 1003: 
goimo 1002: ckfojgglbdffmhehfljhmelcaeakfpaocnekfh 76, ckfojgglbdffmhehfljhmelcaeakfpaocnekfh 76
ldflkkb 1008: ooplpfcolmleefaihec 95
aimkh 1009: nkipenmkhkbbkejobcnfakeh 8, nkipenmkhkbbkejobcnfakeh 8
mppcjojj 1000: 
iihga 1010: mgclflffbhnndkbbnookelbjdalacfphkl 73
beepkkc 1007: 
ipekbjlfb 1005: kihnknaoppij 37
ihampmg 1006: 
Cannot add student! 
ipekbjlfb 1005: kihnknaoppij 37
johon 1003: 
johon 1003: 
goimo 1002: ckfojgglbdffmhehfljhmelcaeakfpaocnekfh 76, ckfojgglbdffmhehfljhmelcaeakfpaocnekfh 76
ldflkkb 1008: ooplpfcolmleefaihec 95
aimkh 1009: nkipenmkhkbbkejobcnfakeh 8, nkipenmkhkbbkejobcnfakeh 8, nkipenmkhkbbkejobcnfakeh 8
mppcjojj 1000: 
iihga 1010: mgclflffbhnndkbbnookelbjdalacfphkl 73
beepkkc 1007: 
ipekbjlfb 1005: kihnknaoppij 37
ihampmg 1006: 
gjgddcc 1001: 
johon 1003: 
goimo 1002: ckfojgglbdffmhehfljhmelcaeakfpaocnekfh 76, ckfojgglbdffmhehfljhmelcaeakfpaocnekfh 76
ldflkkb 1008: ooplpfcolmleefaihec 95
aimkh 1009: nkipenmkhkbbkejobcnfakeh 8, nkipenmkhkbbkejobcnfakeh 8, nkipenmkhkbbkejobcnfakeh 8
mppcjojj 1000: 
iihga 1010: mgclflffbhnndkbbnookelbjdalacfphkl 73
beepkkc 1007: 
ipekbjlfb 1005: kihnknaoppij 37
ihampmg 1006: 
gjgddcc 1001: 
The average of beepkkc (id: 1007) is 0.00 
johon 1003: 
goimo 1002: ckfojgglbdffmhehfljhmelcaeakfpaocnekfh 76, ckfojgglbdffmhehfljhmelcaeakfpaocnekfh 76
ldflkkb 1008: ooplpfcolmleefaihec 95
aimkh 1009: nkipenmkhkbbkejobcnfakeh 8, nkipenmkhkbbkejobcnfakeh 8, nkipenmkhkbbkejobcnfakeh 8
mppcjojj 1000: 
iihga 1010: mgclflffbhnndkbbnookelbjdalacfphkl 73
beepkkc 1007: 
ipekbjlfb 1005: kihnknaoppij 37
ihampmg 1006: 
gjgddcc 1001: 
The average of ihampmg (id: 1006) is 0.00 
goimo 1002: ckfojgglbdffmhehfljhmelcaeakfpaocnekfh 76, ckfojgglbdffmhehfljhmelcaeakfpaocnekfh 76
The average of ldflkkb (id: 1008) is 95.00 
johon 1003: 
goimo 1002: ckfojgglbdffmhehfljhmelcaeakfpaocnekfh 76, ckfojgglbdffmhehfljhmelcaeakfpaocnekfh 76
ldflkkb 1008: ooplpfcolmleefaihec 95
aimkh 1009: nkipenmkhkbbkejobcnfakeh 8, nkipenmkhkbbkejobcnfakeh 8, nkipenmkhkbbkejobcnfakeh 8
mppcjojj 1000: 
iihga 1010: mgclflffbhnndkbbnookelbjdalacfphkl 73
beepkkc 1007: ijlgembl 85
ipekbjlfb 1005: kihnknaoppij 37
ihampmg 1006: 
gjgddcc 1001: 
beepkkc 1007: ijlgembl 85
Cannot calculate average! 
johon 1003: 
goimo 1002: ckfojgglbdffmhehfljhmelcaeakfpaocnekfh 76, ckfojgglbdffmhehfljhmelcaeakfpaocnekfh 76
ldflkkb 1008: ooplpfcolmleefaihec 95
aimkh 1009: nkipenmkhkbbkejobcnfakeh 8, nkipenmkhkbbkejobcnfakeh 8, nkipenmkhkbbkejobcnfakeh 8
mppcjojj 1000: 
iihga 1010: mgclflffbhnndkbbnookelbjdalacfphkl 73
beepkkc 1007: ijlgembl 85
ipekbjlfb 1005: kihnknaoppij 37
ihampmg 1006: 
gjgddcc 1001: ifnncmogfffnheolmchlpmcnbafbgce 53
Cannot calculate average! 
Cannot add student! 
johon 1003: 
goimo 1002: ckfojgglbdffmhehfljhmelcaeakfpaocnekfh 76, ckfojgglbdffmhehfljhmelcaeakfpaocnekfh 76
ldflkkb 1008: ooplpfcolmleefaihec 95
aimkh 1009: nkipenmkhkbbkejobcnfakeh 8, nkipenmkhkbbkejobcnfakeh 8, nkipenmkhkbbkejobcnfakeh 8
mppcjojj 1000: 
iihga 1010: mgclflffbhnndkbbnookelbjdalacfphkl 73
beepkkc 1007: ijlgembl 85
ipekbjlfb 1005: kihnknaoppij 37
ihampmg 1006: 
gjgddcc 1001: ifnncmogfffnheolmchlpmcnbafbgce 53
ldflkkb 1008: ooplpfcolmleefaihec 95
johon 1003: 
goimo 1002: ckfojgglbdffmhehfljhmelcaeakfpaocnekfh 76, ckfojgglbdffmhehfljhmelcaeakfpaocnekfh 76, ckfojgglbdffmhehfljhmelcaeakfpaocnekfh 76
ldflkkb 1008: ooplpfcolmleefaihec 95
aimkh 1009: nkipenmkhkbbkejobcnfakeh 8, nkipenmkhkbbkejobcnfakeh 8, nkipenmkhkbbkejobcnfakeh 8
mppcjojj 1000: pmbfioadoncdf 71
iihga 1010: mgclflffbhnndkbbnookelbjdalacfphkl 73
beepkkc 1007: ijlgembl 85
ipekbjlfb 1005: kihnknaoppij 37
ihampmg 1006: 
gjgddcc 1001: ifnncmogfffnheolmchlpmcnbafbgce 53
johon 1003: 
goimo 1002: ckfojgglbdffmhehfljhmelcaeakfpaocnekfh 76, ckfojgglbdffmhehfljhmelcaeakfpaocnekfh 76, ckfojgglbdffmhehfljhmelcaeakfpaocnekfh 76
ldflkkb 1008: ooplpfcolmleefaihec 95
aimkh 1009: nkipenmkhkbbkejobcnfakeh 8, nkipenmkhkbbkejobcnfakeh 8, nkipenmkhkbbkejobcnfakeh 8
mppcjojj 1000: pmbfioadoncdf 71
iihga 1010: mgclflffbhnndkbbnookelbjdalacfphkl 73
beepkkc 1007: ijlgembl 85
ipekbjlfb 1005: kihnknaoppij 37
ihampmg 1006: 
gjgddcc 1001: ifnncmogfffnheolmchlpmcnbafbgce 53
johon 1003: 
goimo 1002: ckfojgglbdffmhehfljhmelcaeakfpaocnekfh 76, ckfojgglbdffmhehfljhmelcaeakfpaocnekfh 76, ckfojgglbdffmhehfljhmelcaeakfpaocnekfh 76
ldflkkb 1008: ooplpfcolmleefaihec 95
aimkh 1009: nkipenmkhkbbkejobcnfakeh 8, nkipenmkhkbbkejobcnfakeh 8, nkipenmkhkbbkejobcnfakeh 8
mppcjojj 1000: pmbfioadoncdf 71
iihga 1010: mgclflffbhnndkbbnookelbjdalacfphkl 73
beepkkc 1007: ijlgembl 85
ipekbjlfb 1005: kihnknaoppij 37
ihampmg 1006: 
gjgddcc 1001: ifnncmogfffnheolmchlpmcnbafbgce 53
ldflkkb 1008: ooplpfcolmleefaihec 95
Cannot add student! 
The average of ipekbjlfb (id: 1005) is 37.00 
johon 1003: 
goimo 1002: ckfojgglbdffmhehfljhmelcaeakfpaocnekfh 76, ckfojgglbdffmhehfljhmelcaeakfpaocnekfh 76, ckfojgglbdffmhehfljhmelcaeakfpaocnekfh 76
ldflkkb 1008: ooplpfcolmleefaihec 95
aimkh 1009: nkipenmkhkbbkejobcnfakeh 8, nkipenmkhkbbkejobcnfakeh 8, nkipenmkhkbbkejobcnfakeh 8
mppcjojj 1000: pmbfioadoncdf 71, pmbfioadoncdf 71
iihga 1010: mgclflffbhnndkbbnookelbjdalacfphkl 73
beepkkc 1007: ijlgembl 85
ipekbjlfb 1005: kihnknaoppij 37
ihampmg 1006: 
gjgddcc 1001: ifnncmogfffnheolmchlpmcnbafbgce 53
johon 1003: 
goimo 1002: ckfojgglbdffmhehfljhmelcaeakfpaocnekfh 76, ckfojgglbdffmhehfljhmelcaeakfpaocnekfh 76, ckfojgglbdffmhehfljhmelcaeakfpaocnekfh 76
ldflkkb 1008: ooplpfcolmleefaihec 95
aimkh 1009: nkipenmkhkbbkejobcnfakeh 8, nkipenmkhkbbkejobcnfakeh 8, nkipenmkhkbbkejobcnfakeh 8
mppcjojj 1000: pmbfioadoncdf 71, pmbfioadoncdf 71
iihga 1010: mgclflffbhnndkbbnookelbjdalacfphkl 73
beepkkc 1007: ijlgembl 85
ipekbjlfb 1005: kihnknaoppij 37
ihampmg 1006: 
gjgddcc 1001: ifnncmogfffnheolmchlpmcnbafbgce 53
johon 1003: 
goimo 1002: ckfojgglbdffmhehfljhmelcaeakfpaocnekfh 76, ckfojgglbdffmhehfljhmelcaeakfpaocnekfh 76, ckfojgglbdffmhehfljhmelcaeakfpaocnekfh 76
ldflkkb 1008: ooplpfcolmleefaihec 95
aimkh 1009: nkipenmkhkbbkejobcnfakeh 8, nkipenmkhkbbkejobcnfakeh 8, nkipenmkhkbbkejobcnfakeh 8
mppcjojj 1000: pmbfioadoncdf 71, pmbfioadoncdf 71
iihga 1010: mgclflffbhnndkbbnookelbjdalacfphkl 73
beepkkc 1007: ijlgembl 85
ipekbjlfb 1005: kihnknaoppij 37
ihampmg 1006: 
gjgddcc 1001: ifnncmogfffnheolmchlpmcnbafbgce 53
johon 1003: 
goimo 1002: ckfojgglbdffmhehfljhmelcaeakfpaocnekfh 76, ckfojgglbdffmhehfljhmelcaeakfpaocnekfh 76, ckfojgglbdffmhehfljhmelcaeakfpaocnekfh 76
ldflkkb 1008: ooplpfcolmleefaihec 95
aimkh 1009: nkipenmkhkbbkejobcnfakeh 8, nkipenmkhkbbkejobcnfakeh 8, nkipenmkhkbbkejobcnfakeh 8
mppcjojj 1000: pmbfioadoncdf 71, pmbfioadoncdf 71
iihga 1010: mgclflffbhnndkbbnookelbjdalacfphkl 73
beepkkc 1007: ijlgembl 85
ipekbjlfb 1005: kihnknaoppij 37
ihampmg 1006: 
gjgddcc 1001: ifnncmogfffnheolmchlpmcnbafbgce 53
mppcjojj 1000: pmbfioadoncdf 71, pmbfioadoncdf 71
mppcjojj 1000: pmbfioadoncdf 71, pmbfioadoncdf 71
johon 1003: 
The average of ihampmg (id: 1006) is 42.00 
goimo 1002: ckfojgglbdffmhehfljhmelcaeakfpaocnekfh 76, ckfojgglbdffmhehfljhmelcaeakfpaocnekfh 76, ckfojgglbdffmhehfljhmelcaeakfpaocnekfh 76
Cannot add student! 
johon 1003: 
goimo 1002: ckfojgglbdffmhehfljhmelcaeakfpaocnekfh 76, ckfojgglbdffmhehfljhmelcaeakfpaocnekfh 76, ckfojgglbdffmhehfljhmelcaeakfpaocnekfh 76
ldflkkb 1008: ooplpfcolmleefaihec 95
aimkh 1009: nkipenmkhkbbkejobcnfakeh 8, nkipenmkhkbbkejobcnfakeh 8, nkipenmkhkbbkejobcnfakeh 8
mppcjojj 1000: pmbfioadoncdf 71, pmbfioadoncdf 71
iihga 1010: mgclflffbhnndkbbnookelbjdalacfphkl 73
beepkkc 1007: ijlgembl 85
ipekbjlfb 1005: kihnknaoppij 37, kihnknaoppij 37, kihnknaoppij 37
ihampmg 1006: gbkbllbfllbbnejnnbldbph 42
gjgddcc 1001: ifnncmogfffnheolmchlpmcnbafbgce 53, ifnncmogfffnheolmchlpmcnbafbgce 53
Cannot add student! 
gjgddcc 1001: ifnncmogfffnheolmchlpmcnbafbgce 53, ifnncmogfffnheolmchlpmcnbafbgce 53
Cannot add student! 
johon 1003: booknamecmphfooajhhgccpeefg 21
johon 1003: booknamecmphfooajhhgccpeefg 21
goimo 1002: ckfojgglbdffmhehfljhmelcaeakfpaocnekfh 76, ckfojgglbdffmhehfljhmelcaeakfpaocnekfh 76, ckfojgglbdffmhehfljhmelcaeakfpaocnekfh 76
ldflkkb 1008: ooplpfcolmleefaihec 95
aimkh 1009: nkipenmkhkbbkejobcnfakeh 8, nkipenmkhkbbkejobcnfakeh 8, nkipenmkhkbbkejobcnfakeh 8
mppcjojj 1000: pmbfioadoncdf 71, pmbfioadoncdf 71
iihga 1010: mgclflffbhnndkbbnookelbjdalacfphkl 73
beepkkc 1007: ijlgembl 85
ipekbjlfb 1005: kihnknaoppij 37, kihnknaoppij 37, kihnknaoppij 37
ihampmg 1006: gbkbllbfllbbnejnnbldbph 42
gjgddcc 1001: ifnncmogfffnheolmchlpmcnbafbgce 53, ifnncmogfffnheolmchlpmcnbafbgce 53
johon 1003: booknamecmphfooajhhgccpeefg 21
goimo 1002: ckfojgglbdffmhehfljhmelcaeakfpaocnekfh 76, ckfojgglbdffmhehfljhmelcaeakfpaocnekfh 76, ckfojgglbdffmhehfljhmelcaeakfpaocnekfh 76
ldflkkb 1008: ooplpfcolmleefaihec 95
aimkh 1009: nkipenmkhkbbkejobcnfakeh 8, nkipenmkhkbbkejobcnfakeh 8, nkipenmkhkbbkejobcnfakeh 8
mppcjojj 1000: pmbfioadoncdf 71, pmbfioadoncdf 71
iihga 1010: mgclflffbhnndkbbnookelbjdalacfphkl 73
beepkkc 1007: ijlgembl 85
ipekbjlfb 1005: kihnknaoppij 37, kihnknaoppij 37, kihnknaoppij 37
ihampmg 1006: gbkbllbfllbbnejnnbldbph 42
gjgddcc 1001: ifnncmogfffnheolmchlpmcnbafbgce 53, ifnncmogfffnheolmchlpmcnbafbgce 53
Cannot add student! 
johon 1003: booknamecmphfooajhhgccpeefg 21, booknamecmphfooajhhgccpeefg 21
goimo 1002: ckfojgglbdffmhehfljhmelcaeakfpaocnekfh 76, ckfojgglbdffmhehfljhmelcaeakfpaocnekfh 76, ckfojgglbdffmhehfljhmelcaeakfpaocnekfh 76
ldflkkb 1008: ooplpfcolmleefaihec 95
aimkh 1009: nkipenmkhkbbkejobcnfakeh 8, nkipenmkhkbbkejobcnfakeh 8, nkipenmkhkbbkejobcnfakeh 8
mppcjojj 1000: pmbfioadoncdf 71, pmbfioadoncdf 71
iihga 1010: mgclflffbhnndkbbnookelbjdalacfphkl 73
beepkkc 1007: ijlgembl 85
ipekbjlfb 1005: kihnknaoppij 37, kihnknaoppij 37, kihnknaoppij 37, kihnknaoppij 37
ihampmg 1006: gbkbllbfllbbnejnnbldbph 42
gjgddcc 1001: ifnncmogfffnheolmchlpmcnbafbgce 53, ifnncmogfffnheolmchlpmcnbafbgce 53
johon 1003: booknamecmphfooajhhgccpeefg 21, booknamecmphfooajhhgccpeefg 21
goimo 1002: ckfojgglbdffmhehfljhmelcaeakfpaocnekfh 76, ckfojgglbdffmhehfljhmelcaeakfpaocnekfh 76, ckfojgglbdffmhehfljhmelcaeakfpaocnekfh 76
ldflkkb 1008: ooplpfcolmleefaihec 95
aimkh 1009: nkipenmkhkbbkejobcnfakeh 8, nkipenmkhkbbkejobcnfakeh 8, nkipenmkhkbbkejobcnfakeh 8
mppcjojj 1000: pmbfioadoncdf 71, pmbfioadoncdf 71
iihga 1010: mgclflffbhnndkbbnookelbjdalacfphkl 73
beepkkc 1007: ijlgembl 85
ipekbjlfb 1005: kihnknaoppij 37, kihnknaoppij 37, kihnknaoppij 37, kihnknaoppij 37
ihampmg 1006: gbkbllbfllbbnejnnbldbph 42
gjgddcc 1001: ifnncmogfffnheolmchlpmcnbafbgce 53, ifnncmogfffnheolmchlpmcnbafbgce 53
ldflkkb 1008: ooplpfcolmleefaihec 95
The average of goimo (id: 1002) is 74.33 
goimo 1002: ckfojgglbdffmhehfljhmelcaeakfpaocnekfh 76, ckfojgglbdffmhehfljhmelcaeakfpaocnekfh 76, ckfojgglbdffmhehfljhmelcaeakfpaocnekfh 76
johon 1003: booknamecmphfooajhhgccpeefg 21, booknamecmphfooajhhgccpeefg 21
goimo 1002: ckfojgglbdffmhehfljhmelcaeakfpaocnekfh 76, ckfojgglbdffmhehfljhmelcaeakfpaocnekfh 76, ckfojgglbdffmhehfljhmelcaeakfpaocnekfh 76
ldflkkb 1008: ooplpfcolmleefaihec 95
aimkh 1009: nkipenmkhkbbkejobcnfakeh 8, nkipenmkhkbbkejobcnfakeh 8, nkipenmkhkbbkejobcnfakeh 8
mppcjojj 1000: pmbfioadoncdf 71, pmbfioadoncdf 71
iihga 1010: mgclflffbhnndkbbnookelbjdalacfphkl 73
beepkkc 1007: ijlgembl 85
ipekbjlfb 1005: kihnknaoppij 37, kihnknaoppij 37, kihnknaoppij 37, kihnknaoppij 37
ihampmg 1006: gbkbllbfllbbnejnnbldbph 42
gjgddcc 1001: ifnncmogfffnheolmchlpmcnbafbgce 53, ifnncmogfffnheolmchlpmcnbafbgce 53
Cannot add student! 
ipekbjlfb 1005: kihnknaoppij 37, kihnknaoppij 37, kihnknaoppij 37, kihnknaoppij 37, kihnknaoppij 37
johon 1003: booknamecmphfooajhhgccpeefg 21, booknamecmphfooajhhgccpeefg 21
goimo 1002: ckfojgglbdffmhehfljhmelcaeakfpaocnekfh 76, ckfojgglbdffmhehfljhmelcaeakfpaocnekfh 76, ckfojgglbdffmhehfljhmelcaeakfpaocnekfh 76
ldflkkb 1008: ooplpfcolmleefaihec 95
aimkh 1009: nkipenmkhkbbkejobcnfakeh 8, nkipenmkhkbbkejobcnfakeh 8, nkipenmkhkbbkejobcnfakeh 8
mppcjojj 1000: pmbfioadoncdf 71, pmbfioadoncdf 71
iihga 1010: mgclflffbhnndkbbnookelbjdalacfphkl 73
beepkkc 1007: ijlgembl 85
ipekbjlfb 1005: kihnknaoppij 37, kihnknaoppij 37, kihnknaoppij 37, kihnknaoppij 37, kihnknaoppij 37
ihampmg 1006: gbkbllbfllbbnejnnbldbph 42
gjgddcc 1001: ifnncmogfffnheolmchlpmcnbafbgce 53, ifnncmogfffnheolmchlpmcnbafbgce 53
The average of ipekbjlfb (id: 1005) is 39.60 
Cannot add student! 
iihga 1010: mgclflffbhnndkbbnookelbjdalacfphkl 73
Cannot add student! 
ipekbjlfb 1005: kihnknaoppij 37, kihnknaoppij 37, kihnknaoppij 37, kihnknaoppij 37, kihnknaoppij 37
Cannot add student! 
Cannot add student! 
Cannot add student! 
johon 1003: booknamecmphfooajhhgccpeefg 21, booknamecmphfooajhhgccpeefg 21
goimo 1002: ckfojgglbdffmhehfljhmelcaeakfpaocnekfh 76, ckfojgglbdffmhehfljhmelcaeakfpaocnekfh 76, ckfojgglbdffmhehfljhmelcaeakfpaocnekfh 76
ldflkkb 1008: ooplpfcolmleefaihec 95
aimkh 1009: nkipenmkhkbbkejobcnfakeh 8, nkipenmkhkbbkejobcnfakeh 8, nkipenmkhkbbkejobcnfakeh 8
mppcjojj 1000: pmbfioadoncdf 71, pmbfioadoncdf 71
iihga 1010: mgclflffbhnndkbbnookelbjdalacfphkl 73
beepkkc 1007: ijlgembl 85
ipekbjlfb 1005: kihnknaoppij 37, kihnknaoppij 37, kihnknaoppij 37, kihnknaoppij 37, kihnknaoppij 37
ihampmg 1006: gbkbllbfllbbnejnnbldbph 42
gjgddcc 1001: ifnncmogfffnheolmchlpmcnbafbgce 53, ifnncmogfffnheolmchlpmcnbafbgce 53
jgoakjam 1004: 
beepkkc 1007: ijlgembl 85
johon 1003: booknamecmphfooajhhgccpeefg 21, booknamecmphfooajhhgccpeefg 21
goimo 1002: ckfojgglbdffmhehfljhmelcaeakfpaocnekfh 76, ckfojgglbdffmhehfljhmelcaeakfpaocnekfh 76, ckfojgglbdffmhehfljhmelcaeakfpaocnekfh 76
ldflkkb 1008: ooplpfcolmleefaihec 95
aimkh 1009: nkipenmkhkbbkejobcnfakeh 8, nkipenmkhkbbkejobcnfakeh 8, nkipenmkhkbbkejobcnfakeh 8
mppcjojj 1000: pmbfioadoncdf 71, pmbfioadoncdf 71
iihga 1010: mgclflffbhnndkbbnookelbjdalacfphkl 73
beepkkc 1007: ijlgembl 85
ipekbjlfb 1005: kihnknaoppij 37, kihnknaoppij 37, kihnknaoppij 37, kihnknaoppij 37, kihnknaoppij 37
ihampmg 1006: gbkbllbfllbbnejnnbldbph 42
gjgddcc 1001: ifnncmogfffnheolmchlpmcnbafbgce 53, ifnncmogfffnheolmchlpmcnbafbgce 53
jgoakjam 1004: 
johon 1003: booknamecmphfooajhhgccpeefg 21, booknamecmphfooajhhgccpeefg 21
goimo 1002: ckfojgglbdffmhehfljhmelcaeakfpaocnekfh 76, ckfojgglbdffmhehfljhmelcaeakfpaocnekfh 76, ckfojgglbdffmhehfljhmelcaeakfpaocnekfh 76
ldflkkb 1008: ooplpfcolmleefaihec 95
aimkh 1009: nkipenmkhkbbkejobcnfakeh 8, nkipenmkhkbbkejobcnfakeh 8, nkipenmkhkbbkejobcnfakeh 8
mppcjojj 1000: pmbfioadoncdf 71, pmbfioadoncdf 71
iihga 1010: mgclflffbhnndkbbnookelbjdalacfphkl 73
beepkkc 1007: ijlgembl 85
ipekbjlfb 1005: kihnknaoppij 37, kihnknaoppij 37, kihnknaoppij 37, kihnknaoppij 37, kihnknaoppij 37
ihampmg 1006: gbkbllbfllbbnejnnbldbph 42
gjgddcc 1001: ifnncmogfffnheolmchlpmcnbafbgce 53, ifnncmogfffnheolmchlpmcnbafbgce 53
jgoakjam 1004: 
Cannot add student! 
The average of beepkkc (id: 1007) is 85.00 
Cannot add student! 
aimkh 1009: nkipenmkhkbbkejobcnfakeh 8, nkipenmkhkbbkejobcnfakeh 8, nkipenmkhkbbkejobcnfakeh 8
ipekbjlfb 1005: kihnknaoppij 37, kihnknaoppij 37, kihnknaoppij 37, kihnknaoppij 37, kihnknaoppij 37
ldflkkb 1008: ooplpfcolmleefaihec 95
Cannot add student! 
The average of ipekbjlfb (id: 1005) is 39.60 
johon 1003: booknamecmphfooajhhgccpeefg 21, booknamecmphfooajhhgccpeefg 21
goimo 1002: ckfojgglbdffmhehfljhmelcaeakfpaocnekfh 76, ckfojgglbdffmhehfljhmelcaeakfpaocnekfh 76, ckfojgglbdffmhehfljhmelcaeakfpaocnekfh 76, ckfojgglbdffmhehfljhmelcaeakfpaocnekfh 76
ldflkkb 1008: ooplpfcolmleefaihec 95
aimkh 1009: nkipenmkhkbbkejobcnfakeh 8, nkipenmkhkbbkejobcnfakeh 8, nkipenmkhkbbkejobcnfakeh 8
mppcjojj 1000: pmbfioadoncdf 71, pmbfioadoncdf 71
iihga 1010: mgclflffbhnndkbbnookelbjdalacfphkl 73
beepkkc 1007: ijlgembl 85
ipekbjlfb 1005: kihnknaoppij 37, kihnknaoppij 37, kihnknaoppij 37, kihnknaoppij 37, kihnknaoppij 37
ihampmg 1006: gbkbllbfllbbnejnnbldbph 42, gbkbllbfllbbnejnnbldbph 42
gjgddcc 1001: ifnncmogfffnheolmchlpmcnbafbgce 53, ifnncmogfffnheolmchlpmcnbafbgce 53
jgoakjam 1004: 
aimkh 1009: nkipenmkhkbbkejobcnfakeh 8, nkipenmkhkbbkejobcnfakeh 8, nkipenmkhkbbkejobcnfakeh 8
johon 1003: booknamecmphfooajhhgccpeefg 21, booknamecmphfooajhhgccpeefg 21
goimo 1002: ckfojgglbdffmhehfljhmelcaeakfpaocnekfh 76, ckfojgglbdffmhehfljhmelcaeakfpaocnekfh 76, ckfojgglbdffmhehfljhmelcaeakfpaocnekfh 76, ckfojgglbdffmhehfljhmelcaeakfpaocnekfh 76
ldflkkb 1008: ooplpfcolmleefaihec 95
aimkh 1009: nkipenmkhkbbkejobcnfakeh 8, nkipenmkhkbbkejobcnfakeh 8, nkipenmkhkbbkejobcnfakeh 8
mppcjojj 1000: pmbfioadoncdf 71, pmbfioadoncdf 71
iihga 1010: mgclflffbhnndkbbnookelbjdalacfphkl 73, mgclflffbhnndkbbnookelbjdalacfphkl 73
beepkkc 1007: ijlgembl 85, ijlgembl 85
ipekbjlfb 1005: kihnknaoppij 37, kihnknaoppij 37, kihnknaoppij 37, kihnknaoppij 37, kihnknaoppij 37
ihampmg 1006: gbkbllbfllbbnejnnbldbph 42, gbkbllbfllbbnejnnbldbph 42
gjgddcc 1001: ifnncmogfffnheolmchlpmcnbafbgce 53, ifnncmogfffnheolmchlpmcnbafbgce 53
jgoakjam 1004: pcfafhihmbhm 79, pcfafhihmbhm 79
johon 1003: booknamecmphfooajhhgccpeefg 21, booknamecmphfooajhhgccpeefg 21
Cannot add student! 
johon 1003: booknamecmphfooajhhgccpeefg 21, booknamecmphfooajhhgccpeefg 21
Cannot add student! 
johon 1003: booknamecmphfooajhhgccpeefg 21, booknamecmphfooajhhgccpeefg 21
goimo 1002: ckfojgglbdffmhehfljhmelcaeakfpaocnekfh 76, ckfojgglbdffmhehfljhmelcaeakfpaocnekfh 76, ckfojgglbdffmhehfljhmelcaeakfpaocnekfh 76, ckfojgglbdffmhehfljhmelcaeakfpaocnekfh 76
ldflkkb 1008: ooplpfcolmleefaihec 95
aimkh 1009: nkipenmkhkbbkejobcnfakeh 8, nkipenmkhkbbkejobcnfakeh 8, nkipenmkhkbbkejobcnfakeh 8
mppcjojj 1000: pmbfioadoncdf 71, pmbfioadoncdf 71
iihga 1010: mgclflffbhnndkbbnookelbjdalacfphkl 73, mgclflffbhnndkbbnookelbjdalacfphkl 73
beepkkc 1007: ijlgembl 85, ijlgembl 85
ipekbjlfb 1005: kihnknaoppij 37, kihnknaoppij 37, kihnknaoppij 37, kihnknaoppij 37, kihnknaoppij 37, kihnknaoppij 37
ihampmg 1006: gbkbllbfllbbnejnnbldbph 42, gbkbllbfllbbnejnnbldbph 42
gjgddcc 1001: ifnncmogfffnheolmchlpmcnbafbgce 53, ifnncmogfffnheolmchlpmcnbafbgce 53
jgoakjam 1004: pcfafhihmbhm 79, pcfafhihmbhm 79
goimo 1002: ckfojgglbdffmhehfljhmelcaeakfpaocnekfh 76, ckfojgglbdffmhehfljhmelcaeakfpaocnekfh 76, ckfojgglbdffmhehfljhmelcaeakfpaocnekfh 76, ckfojgglbdffmhehfljhmelcaeakfpaocnekfh 76
ipekbjlfb 1005: kihnknaoppij 37, kihnknaoppij 37, kihnknaoppij 37, kihnknaoppij 37, kihnknaoppij 37, kihnknaoppij 37
The average of aimkh (id: 1009) is 34.67 
jgoakjam 1004: pcfafhihmbhm 79, pcfafhihmbhm 79
The average of beepkkc (id: 1007) is 55.50 
Cannot add student! 
ldflkkb 1008: ooplpfcolmleefaihec 95
The average of ihampmg (id: 1006) is 22.50 
The average of ihampmg (id: 1006) is 22.50 
goimo 1002: ckfojgglbdffmhehfljhmelcaeakfpaocnekfh 76, ckfojgglbdffmhehfljhmelcaeakfpaocnekfh 76, ckfojgglbdffmhehfljhmelcaeakfpaocnekfh 76, ckfojgglbdffmhehfljhmelcaeakfpaocnekfh 76
gjgddcc 1001: ifnncmogfffnheolmchlpmcnbafbgce 53, ifnncmogfffnheolmchlpmcnbafbgce 53
Cannot add student! 
The average of mppcjojj (id: 1000) is 83.50 
johon 1003: booknamecmphfooajhhgccpeefg 21, booknamecmphfooajhhgccpeefg 21
goimo 1002: ckfojgglbdffmhehfljhmelcaeakfpaocnekfh 76, ckfojgglbdffmhehfljhmelcaeakfpaocnekfh 76, ckfojgglbdffmhehfljhmelcaeakfpaocnekfh 76, ckfojgglbdffmhehfljhmelcaeakfpaocnekfh 76
ldflkkb 1008: ooplpfcolmleefaihec 95
aimkh 1009: nkipenmkhkbbkejobcnfakeh 8, nkipenmkhkbbkejobcnfakeh 8, nkipenmkhkbbkejobcnfakeh 8
mppcjojj 1000: pmbfioadoncdf 71, pmbfioadoncdf 71
iihga 1010: mgclflffbhnndkbbnookelbjdalacfphkl 73, mgclflffbhnndkbbnookelbjdalacfphkl 73, mgclflffbhnndkbbnookelbjdalacfphkl 73
beepkkc 1007: ijlgembl 85, ijlgembl 85
ipekbjlfb 1005: kihnknaoppij 37, kihnknaoppij 37, kihnknaoppij 37, kihnknaoppij 37, kihnknaoppij 37, kihnknaoppij 37
ihampmg 1006: gbkbllbfllbbnejnnbldbph 42, gbkbllbfllbbnejnnbldbph 42
gjgddcc 1001: ifnncmogfffnheolmchlpmcnbafbgce 53, ifnncmogfffnheolmchlpmcnbafbgce 53
jgoakjam 1004: pcfafhihmbhm 79, pcfafhihmbhm 79
johon 1003: booknamecmphfooajhhgccpeefg 21, booknamecmphfooajhhgccpeefg 21
goimo 1002: ckfojgglbdffmhehfljhmelcaeakfpaocnekfh 76, ckfojgglbdffmhehfljhmelcaeakfpaocnekfh 76, ckfojgglbdffmhehfljhmelcaeakfpaocnekfh 76, ckfojgglbdffmhehfljhmelcaeakfpaocnekfh 76
ldflkkb 1008: ooplpfcolmleefaihec 95, ooplpfcolmleefaihec 95
aimkh 1009: nkipenmkhkbbkejobcnfakeh 8, nkipenmkhkbbkejobcnfakeh 8, nkipenmkhkbbkejobcnfakeh 8
mppcjojj 1000: pmbfioadoncdf 71, pmbfioadoncdf 71
iihga 1010: mgclflffbhnndkbbnookelbjdalacfphkl 73, mgclflffbhnndkbbnookelbjdalacfphkl 73, mgclflffbhnndkbbnookelbjdalacfphkl 73
beepkkc 1007: ijlgembl 85, ijlgembl 85, ijlgembl 85
ipekbjlfb 1005: kihnknaoppij 37, kihnknaoppij 37, kihnknaoppij 37, kihnknaoppij 37, kihnknaoppij 37, kihnknaoppij 37
ihampmg 1006: gbkbllbfllbbnejnnbldbph 42, gbkbllbfllbbnejnnbldbph 42
gjgddcc 1001: ifnncmogfffnheolmchlpmcnbafbgce 53, ifnncmogfffnheolmchlpmcnbafbgce 53
jgoakjam 1004: pcfafhihmbhm 79, pcfafhihmbhm 79
The average of johon (id: 1003) is 60.00 
Cannot add student! 
johon 1003: booknamecmphfooajhhgccpeefg 21, booknamecmphfooajhhgccpeefg 21
goimo 1002: ckfojgglbdffmhehfljhmelcaeakfpaocnekfh 76, ckfojgglbdffmhehfljhmelcaeakfpaocnekfh 76, ckfojgglbdffmhehfljhmelcaeakfpaocnekfh 76, ckfojgglbdffmhehfljhmelcaeakfpaocnekfh 76
ldflkkb 1008: ooplpfcolmleefaihec 95, ooplpfcolmleefaihec 95
aimkh 1009: nkipenmkhkbbkejobcnfakeh 8, nkipenmkhkbbkejobcnfakeh 8, nkipenmkhkbbkejobcnfakeh 8
mppcjojj 1000: pmbfioadoncdf 71, pmbfioadoncdf 71
iihga 1010: mgclflffbhnndkbbnookelbjdalacfphkl 73, mgclflffbhnndkbbnookelbjdalacfphkl 73, mgclflffbhnndkbbnookelbjdalacfphkl 73
beepkkc 1007: ijlgembl 85, ijlgembl 85, ijlgembl 85
ipekbjlfb 1005: kihnknaoppij 37, kihnknaoppij 37, kihnknaoppij 37, kihnknaoppij 37, kihnknaoppij 37, kihnknaoppij 37
ihampmg 1006: gbkbllbfllbbnejnnbldbph 42, gbkbllbfllbbnejnnbldbph 42
gjgddcc 1001: ifnncmogfffnheolmchlpmcnbafbgce 53, ifnncmogfffnheolmchlpmcnbafbgce 53
jgoakjam 1004: pcfafhihmbhm 79, pcfafhihmbhm 79
jgoakjam 1004: pcfafhihmbhm 79, pcfafhihmbhm 79
mppcjojj 1000: pmbfioadoncdf 71, pmbfioadoncdf 71
johon 1003: booknamecmphfooajhhgccpeefg 21, booknamecmphfooajhhgccpeefg 21
goimo 1002: ckfojgglbdffmhehfljhmelcaeakfpaocnekfh 76, ckfojgglbdffmhehfljhmelcaeakfpaocnekfh 76, ckfojgglbdffmhehfljhmelcaeakfpaocnekfh 76, ckfojgglbdffmhehfljhmelcaeakfpaocnekfh 76
ldflkkb 1008: ooplpfcolmleefaihec 95, ooplpfcolmleefaihec 95
aimkh 1009: nkipenmkhkbbkejobcnfakeh 8, nkipenmkhkbbkejobcnfakeh 8, nkipenmkhkbbkejobcnfakeh 8
mppcjojj 1000: pmbfioadoncdf 71, pmbfioadoncdf 71
iihga 1010: mgclflffbhnndkbbnookelbjdalacfphkl 73, mgclflffbhnndkbbnookelbjdalacfphkl 73, mgclflffbhnndkbbnookelbjdalacfphkl 73
beepkkc 1007: ijlgembl 85, ijlgembl 85, ijlgembl 85
ipekbjlfb 1005: kihnknaoppij 37, kihnknaoppij 37, kihnknaoppij 37, kihnknaoppij 37, kihnknaoppij 37, kihnknaoppij 37
ihampmg 1006: gbkbllbfllbbnejnnbldbph 42, gbkbllbfllbbnejnnbldbph 42
gjgddcc 1001: ifnncmogfffnheolmchlpmcnbafbgce 53, ifnncmogfffnheolmchlpmcnbafbgce 53
jgoakjam 1004: pcfafhihmbhm 79, pcfafhihmbhm 79
johon 1003: booknamecmphfooajhhgccpeefg 21, booknamecmphfooajhhgccpeefg 21
goimo 1002: ckfojgglbdffmhehfljhmelcaeakfpaocnekfh 76, ckfojgglbdffmhehfljhmelcaeakfpaocnekfh 76, ckfojgglbdffmhehfljhmelcaeakfpaocnekfh 76, ckfojgglbdffmhehfljhmelcaeakfpaocnekfh 76
ldflkkb 1008: ooplpfcolmleefaihec 95, ooplpfcolmleefaihec 95
aimkh 1009: nkipenmkhkbbkejobcnfakeh 8, nkipenmkhkbbkejobcnfakeh 8, nkipenmkhkbbkejobcnfakeh 8
mppcjojj 1000: pmbfioadoncdf 71, pmbfioadoncdf 71
iihga 1010: mgclflffbhnndkbbnookelbjdalacfphkl 73, mgclflffbhnndkbbnookelbjdalacfphkl 73, mgclflffbhnndkbbnookelbjdalacfphkl 73
beepkkc 1007: ijlgembl 85, ijlgembl 85, ijlgembl 85
ipekbjlfb 1005: kihnknaoppij 37, kihnknaoppij 37, kihnknaoppij 37, kihnknaoppij 37, kihnknaoppij 37, kihnknaoppij 37
ihampmg 1006: gbkbllbfllbbnejnnbldbph 42, gbkbllbfllbbnejnnbldbph 42
gjgddcc 1001: ifnncmogfffnheolmchlpmcnbafbgce 53, ifnncmogfffnheolmchlpmcnbafbgce 53
jgoakjam 1004: pcfafhihmbhm 79, pcfafhihmbhm 79
johon 1003: booknamecmphfooajhhgccpeefg 21, booknamecmphfooajhhgccpeefg 21
goimo 1002: ckfojgglbdffmhehfljhmelcaeakfpaocnekfh 76, ckfojgglbdffmhehfljhmelcaeakfpaocnekfh 76, ckfojgglbdffmhehfljhmelcaeakfpaocnekfh 76, ckfojgglbdffmhehfljhmelcaeakfpaocnekfh 76, ckfojgglbdffmhehfljhmelcaeakfpaocnekfh 76
ldflkkb 1008: ooplpfcolmleefaihec 95, ooplpfcolmleefaihec 95
aimkh 1009: nkipenmkhkbbkejobcnfakeh 8, nkipenmkhkbbkejobcnfakeh 8, nkipenmkhkbbkejobcnfakeh 8
mppcjojj 1000: pmbfioadoncdf 71, pmbfioadoncdf 71
iihga 1010: mgclflffbhnndkbbnookelbjdalacfphkl 73, mgclflffbhnndkbbnookelbjdalacfphkl 73, mgclflffbhnndkbbnookelbjdalacfphkl 73
beepkkc 1007: ijlgembl 85, ijlgembl 85, ijlgembl 85
ipekbjlfb 1005: kihnknaoppij 37, kihnknaoppij 37, kihnknaoppij 37, kihnknaoppij 37, kihnknaoppij 37, kihnknaoppij 37
ihampmg 1006: gbkbllbfllbbnejnnbldbph 42, gbkbllbfllbbnejnnbldbph 42
gjgddcc 1001: ifnncmogfffnheolmchlpmcnbafbgce 53, ifnncmogfffnheolmchlpmcnbafbgce 53
jgoakjam 1004: pcfafhihmbhm 79, pcfafhihmbhm 79
johon 1003: booknamecmphfooajhhgccpeefg 21, booknamecmphfooajhhgccpeefg 21
goimo 1002: ckfojgglbdffmhehfljhmelcaeakfpaocnekfh 76, ckfojgglbdffmhehfljhmelcaeakfpaocnekfh 76, ckfojgglbdffmhehfljhmelcaeakfpaocnekfh 76, ckfojgglbdffmhehfljhmelcaeakfpaocnekfh 76, ckfojgglbdffmhehfljhmelcaeakfpaocnekfh 76
ldflkkb 1008: ooplpfcolmleefaihec 95, ooplpfcolmleefaihec 95
aimkh 1009: nkipenmkhkbbkejobcnfakeh 8, nkipenmkhkbbkejobcnfakeh 8, nkipenmkhkbbkejobcnfakeh 8
mppcjojj 1000: pmbfioadoncdf 71, pmbfioadoncdf 71
iihga 1010: mgclflffbhnndkbbnookelbjdalacfphkl 73, mgclflffbhnndkbbnookelbjdalacfphkl 73, mgclflffbhnndkbbnookelbjdalacfphkl 73
beepkkc 1007: ijlgembl 85, ijlgembl 85, ijlgembl 85
ipekbjlfb 1005: kihnknaoppij 37, kihnknaoppij 37, kihnknaoppij 37, kihnknaoppij 37, kihnknaoppij 37, kihnknaoppij 37
ihampmg 1006: gbkbllbfllbbnejnnbldbph 42, gbkbllbfllbbnejnnbldbph 42
gjgddcc 1001: ifnncmogfffnheolmchlpmcnbafbgce 53, ifnncmogfffnheolmchlpmcnbafbgce 53
jgoakjam 1004: pcfafhihmbhm 79, pcfafhihmbhm 79
The average of johon (id: 1003) is 60.00 
The average of johon (id: 1003) is 60.00 
The average of goimo (id: 1002) is 74.40 
johon 1003: booknamecmphfooajhhgccpeefg 21, booknamecmphfooajhhgccpeefg 21
goimo 1002: ckfojgglbdffmhehfljhmelcaeakfpaocnekfh 76, ckfojgglbdffmhehfljhmelcaeakfpaocnekfh 76, ckfojgglbdffmhehfljhmelcaeakfpaocnekfh 76, ckfojgglbdffmhehfljhmelcaeakfpaocnekfh 76, ckfojgglbdffmhehfljhmelcaeakfpaocnekfh 76
ldflkkb 1008: ooplpfcolmleefaihec 95, ooplpfcolmleefaihec 95, ooplpfcolmleefaihec 95, ooplpfcolmleefaihec 95
aimkh 1009: nkipenmkhkbbkejobcnfakeh 8, nkipenmkhkbbkejobcnfakeh 8, nkipenmkhkbbkejobcnfakeh 8
mppcjojj 1000: pmbfioadoncdf 71, pmbfioadoncdf 71
iihga 1010: mgclflffbhnndkbbnookelbjdalacfphkl 73, mgclflffbhnndkbbnookelbjdalacfphkl 73, mgclflffbhnndkbbnookelbjdalacfphkl 73
beepkkc 1007: ijlgembl 85, ijlgembl 85, ijlgembl 85
ipekbjlfb 1005: kihnknaoppij 37, kihnknaoppij 37, kihnknaoppij 37, kihnknaoppij 37, kihnknaoppij 37, kihnknaoppij 37
ihampmg 1006: gbkbllbfllbbnejnnbldbph 42, gbkbllbfllbbnejnnbldbph 42
gjgddcc 1001: ifnncmogfffnheolmchlpmcnbafbgce 53, ifnncmogfffnheolmchlpmcnbafbgce 53
jgoakjam 1004: pcfafhihmbhm 79, pcfafhihmbhm 79
ldflkkb 1008: ooplpfcolmleefaihec 95, ooplpfcolmleefaihec 95, ooplpfcolmleefaihec 95, ooplpfcolmleefaihec 95
The average of mppcjojj (id: 1000) is 83.50 
Cannot add student! 
The average of ihampmg (id: 1006) is 22.50 
Cannot add student! 
